<?xml version="1.0" encoding="UTF-8"?>
<testsuite xmlns:xsi="http://www.w3.org/2001/XMLSchema-instance" xsi:noNamespaceSchemaLocation="https://maven.apache.org/surefire/maven-surefire-plugin/xsd/surefire-test-report-3.0.xsd" version="3.0" name="com.example.demo_page.DemoPageApplicationTests" time="1.852" tests="1" errors="0" skipped="0" failures="0">
  <properties>
[...]
</properties>
  <testcase name="contextLoads" classname="com.example.demo_page.DemoPageApplicationTests" time="0.551">
    <system-out><![CDATA[17:22:09.667 [main] INFO org.springframework.test.context.support.AnnotationConfigContextLoaderUtils -- Could not detect default configuration classes for test class [com.example.demo_page.DemoPageApplicationTests]: DemoPageApplicationTests does not declare any static, non-private, non-final, nested classes annotated with @Configuration.
17:22:09.739 [main] INFO org.springframework.boot.test.context.SpringBootTestContextBootstrapper -- Found @SpringBootConfiguration com.example.demo_page.DemoPageApplication for test class com.example.demo_page.DemoPageApplicationTests

  .   ____          _            __ _ _
 /\\ / ___'_ __ _ _(_)_ __  __ _ \ \ \ \
( ( )\___ | '_ | '_| | '_ \/ _` | \ \ \ \
 \\/  ___)| |_)| | | | | || (_| |  ) ) ) )
  '  |____| .__|_| |_|_| |_\__, | / / / /
 =========|_|==============|___/=/_/_/_/

 :: Spring Boot ::                (v3.3.5)

2025-02-08T17:22:10.000+09:00  INFO 19364 --- [demo-page] [           main] c.e.demo_page.DemoPageApplicationTests   : Starting DemoPageApplicationTests using Java 17.0.8 with PID 19364 (started by PC_User in C:\Users\PC_User\Project\demo-page)
2025-02-08T17:22:10.001+09:00  INFO 19364 --- [demo-page] [           main] c.e.demo_page.DemoPageApplicationTests   : No active profile set, falling back to 1 default profile: "default"
2025-02-08T17:22:10.860+09:00  INFO 19364 --- [demo-page] [           main] c.e.demo_page.DemoPageApplicationTests   : Started DemoPageApplicationTests in 1.016 seconds (process running for 1.602)
]]></system-out>
  </testcase>
</testsuite>